<?xml version="1.0" encoding="UTF-8"?>
<testng-results skipped="0" failed="0" ignored="0" total="1" passed="1">
  <reporter-output>
  </reporter-output>
  <suite name="Surefire suite" duration-ms="15636" started-at="2022-07-11T16:06:55 MST" finished-at="2022-07-11T16:07:11 MST">
    <groups>
    </groups>
    <test name="Surefire test" duration-ms="15636" started-at="2022-07-11T16:06:55 MST" finished-at="2022-07-11T16:07:11 MST">
      <class name="FirstTest">
        <test-method status="PASS" signature="myFirstTest()[pri:0, instance:FirstTest@50f8360d]" name="myFirstTest" duration-ms="15609" started-at="2022-07-11T16:06:55 MST" finished-at="2022-07-11T16:07:11 MST">
          <reporter-output>
          </reporter-output>
        </test-method> <!-- myFirstTest -->
      </class> <!-- FirstTest -->
    </test> <!-- Surefire test -->
  </suite> <!-- Surefire suite -->
</testng-results>
